<?xml version="1.0" encoding="UTF-8"?>
<!-- Generated by org.testng.reporters.JUnitReportReporter -->
<testsuite hostname="DESKTOP-VCNFC09" failures="0" tests="2" name="NxtGen_TestPages.Register_Test_Functionality" time="3.636" errors="0" timestamp="2023-01-21T08:28:09 IST" skipped="0">
  <testcase classname="NxtGen_TestPages.Register_Test_Functionality" name="Validate_Titles" time="0.074"/>
  <system-out/>
  <testcase classname="NxtGen_TestPages.Register_Test_Functionality" name="Validate_RegisterPage" time="3.562"/>
  <system-out/>
</testsuite> <!-- NxtGen_TestPages.Register_Test_Functionality -->
